<?xml version="1.0" encoding="UTF-8"?>
<!-- Generated by org.testng.reporters.JUnitXMLReporter -->
<testsuite hostname="LAPTOP-P23V86HB" ignored="0" name="Default test" tests="3" failures="0" timestamp="10 Apr 2022 06:53:39 GMT" time="11.04" errors="0">
  <testcase name="verifyDashBoardPageTitleTest" time="0.013" classname="com.qa.JBOSTest.DashBoardTest"/>
  <testcase name="verifyCorrectUserNameTest" time="0.04" classname="com.qa.JBOSTest.DashBoardTest"/>
  <testcase name="verifyUserLinkTest" time="0.298" classname="com.qa.JBOSTest.DashBoardTest"/>
</testsuite> <!-- Default test -->
