<?xml version="1.0" encoding="UTF-8"?>
<testng-results skipped="0" failed="0" ignored="0" total="3" passed="3">
  <reporter-output>
  </reporter-output>
  <suite name="Default suite" duration-ms="11040" started-at="2022-04-10T06:53:28Z" finished-at="2022-04-10T06:53:39Z">
    <groups>
    </groups>
    <test name="Default test" duration-ms="11040" started-at="2022-04-10T06:53:28Z" finished-at="2022-04-10T06:53:39Z">
      <class name="com.qa.JBOSTest.DashBoardTest">
        <test-method status="PASS" signature="Setup()[pri:0, instance:com.qa.JBOSTest.DashBoardTest@2133814f]" name="Setup" is-config="true" duration-ms="3402" started-at="2022-04-10T06:53:28Z" finished-at="2022-04-10T06:53:31Z">
          <reporter-output>
          </reporter-output>
        </test-method> <!-- Setup -->
        <test-method status="PASS" signature="verifyDashBoardPageTitleTest()[pri:1, instance:com.qa.JBOSTest.DashBoardTest@2133814f]" name="verifyDashBoardPageTitleTest" duration-ms="13" started-at="2022-04-10T06:53:31Z" finished-at="2022-04-10T06:53:31Z">
          <reporter-output>
          </reporter-output>
        </test-method> <!-- verifyDashBoardPageTitleTest -->
        <test-method status="PASS" signature="closeBrowser()[pri:0, instance:com.qa.JBOSTest.DashBoardTest@2133814f]" name="closeBrowser" is-config="true" duration-ms="636" started-at="2022-04-10T06:53:31Z" finished-at="2022-04-10T06:53:32Z">
          <reporter-output>
          </reporter-output>
        </test-method> <!-- closeBrowser -->
        <test-method status="PASS" signature="Setup()[pri:0, instance:com.qa.JBOSTest.DashBoardTest@2133814f]" name="Setup" is-config="true" duration-ms="2711" started-at="2022-04-10T06:53:32Z" finished-at="2022-04-10T06:53:35Z">
          <reporter-output>
          </reporter-output>
        </test-method> <!-- Setup -->
        <test-method status="PASS" signature="verifyCorrectUserNameTest()[pri:2, instance:com.qa.JBOSTest.DashBoardTest@2133814f]" name="verifyCorrectUserNameTest" duration-ms="40" started-at="2022-04-10T06:53:35Z" finished-at="2022-04-10T06:53:35Z">
          <reporter-output>
          </reporter-output>
        </test-method> <!-- verifyCorrectUserNameTest -->
        <test-method status="PASS" signature="closeBrowser()[pri:0, instance:com.qa.JBOSTest.DashBoardTest@2133814f]" name="closeBrowser" is-config="true" duration-ms="666" started-at="2022-04-10T06:53:35Z" finished-at="2022-04-10T06:53:35Z">
          <reporter-output>
          </reporter-output>
        </test-method> <!-- closeBrowser -->
        <test-method status="PASS" signature="Setup()[pri:0, instance:com.qa.JBOSTest.DashBoardTest@2133814f]" name="Setup" is-config="true" duration-ms="2582" started-at="2022-04-10T06:53:35Z" finished-at="2022-04-10T06:53:38Z">
          <reporter-output>
          </reporter-output>
        </test-method> <!-- Setup -->
        <test-method status="PASS" signature="verifyUserLinkTest()[pri:3, instance:com.qa.JBOSTest.DashBoardTest@2133814f]" name="verifyUserLinkTest" duration-ms="298" started-at="2022-04-10T06:53:38Z" finished-at="2022-04-10T06:53:38Z">
          <reporter-output>
          </reporter-output>
        </test-method> <!-- verifyUserLinkTest -->
        <test-method status="PASS" signature="closeBrowser()[pri:0, instance:com.qa.JBOSTest.DashBoardTest@2133814f]" name="closeBrowser" is-config="true" duration-ms="669" started-at="2022-04-10T06:53:38Z" finished-at="2022-04-10T06:53:39Z">
          <reporter-output>
          </reporter-output>
        </test-method> <!-- closeBrowser -->
      </class> <!-- com.qa.JBOSTest.DashBoardTest -->
    </test> <!-- Default test -->
  </suite> <!-- Default suite -->
</testng-results>
