<?xml version="1.0" encoding="UTF-8"?>
<testng-results skipped="0" failed="0" ignored="0" total="3" passed="3">
  <reporter-output>
  </reporter-output>
  <suite name="Default suite" duration-ms="9647" started-at="2022-04-11T09:51:44Z" finished-at="2022-04-11T09:51:54Z">
    <groups>
    </groups>
    <test name="Default test" duration-ms="9647" started-at="2022-04-11T09:51:44Z" finished-at="2022-04-11T09:51:54Z">
      <class name="com.qa.JBOSTest.NewUserRegistrationTest">
        <test-method status="PASS" signature="Setup()[pri:0, instance:com.qa.JBOSTest.NewUserRegistrationTest@5b0abc94]" name="Setup" is-config="true" duration-ms="2288" started-at="2022-04-11T09:51:44Z" finished-at="2022-04-11T09:51:47Z">
          <reporter-output>
          </reporter-output>
        </test-method> <!-- Setup -->
        <test-method status="PASS" signature="ValidateRegistrationSignInTextTest()[pri:1, instance:com.qa.JBOSTest.NewUserRegistrationTest@5b0abc94]" name="ValidateRegistrationSignInTextTest" duration-ms="76" started-at="2022-04-11T09:51:47Z" finished-at="2022-04-11T09:51:47Z">
          <reporter-output>
          </reporter-output>
        </test-method> <!-- ValidateRegistrationSignInTextTest -->
        <test-method status="PASS" signature="closeBrowser()[pri:0, instance:com.qa.JBOSTest.NewUserRegistrationTest@5b0abc94]" name="closeBrowser" is-config="true" duration-ms="674" started-at="2022-04-11T09:51:47Z" finished-at="2022-04-11T09:51:47Z">
          <reporter-output>
          </reporter-output>
        </test-method> <!-- closeBrowser -->
        <test-method status="PASS" signature="Setup()[pri:0, instance:com.qa.JBOSTest.NewUserRegistrationTest@5b0abc94]" name="Setup" is-config="true" duration-ms="1843" started-at="2022-04-11T09:51:47Z" finished-at="2022-04-11T09:51:49Z">
          <reporter-output>
          </reporter-output>
        </test-method> <!-- Setup -->
        <test-method status="PASS" signature="NewUserRegistrationTest()[pri:2, instance:com.qa.JBOSTest.NewUserRegistrationTest@5b0abc94]" name="NewUserRegistrationTest" duration-ms="1436" started-at="2022-04-11T09:51:49Z" finished-at="2022-04-11T09:51:51Z">
          <reporter-output>
          </reporter-output>
        </test-method> <!-- NewUserRegistrationTest -->
        <test-method status="PASS" signature="closeBrowser()[pri:0, instance:com.qa.JBOSTest.NewUserRegistrationTest@5b0abc94]" name="closeBrowser" is-config="true" duration-ms="666" started-at="2022-04-11T09:51:51Z" finished-at="2022-04-11T09:51:51Z">
          <reporter-output>
          </reporter-output>
        </test-method> <!-- closeBrowser -->
        <test-method status="PASS" signature="Setup()[pri:0, instance:com.qa.JBOSTest.NewUserRegistrationTest@5b0abc94]" name="Setup" is-config="true" duration-ms="1642" started-at="2022-04-11T09:51:51Z" finished-at="2022-04-11T09:51:53Z">
          <reporter-output>
          </reporter-output>
        </test-method> <!-- Setup -->
        <test-method status="PASS" signature="alreadyMemberRegisteredTest()[pri:3, instance:com.qa.JBOSTest.NewUserRegistrationTest@5b0abc94]" name="alreadyMemberRegisteredTest" duration-ms="338" started-at="2022-04-11T09:51:53Z" finished-at="2022-04-11T09:51:53Z">
          <reporter-output>
          </reporter-output>
        </test-method> <!-- alreadyMemberRegisteredTest -->
        <test-method status="PASS" signature="closeBrowser()[pri:0, instance:com.qa.JBOSTest.NewUserRegistrationTest@5b0abc94]" name="closeBrowser" is-config="true" duration-ms="657" started-at="2022-04-11T09:51:53Z" finished-at="2022-04-11T09:51:54Z">
          <reporter-output>
          </reporter-output>
        </test-method> <!-- closeBrowser -->
      </class> <!-- com.qa.JBOSTest.NewUserRegistrationTest -->
    </test> <!-- Default test -->
  </suite> <!-- Default suite -->
</testng-results>
